{"/Users/kennethporterfield/Repos/js-algorithms/algorithms/arraysLeetCodeEasy.js": {"path":"/Users/kennethporterfield/Repos/js-algorithms/algorithms/arraysLeetCodeEasy.js","statementMap":{"0":{"start":{"line":6,"column":2},"end":{"line":12,"column":3}},"1":{"start":{"line":6,"column":15},"end":{"line":6,"column":16}},"2":{"start":{"line":7,"column":12},"end":{"line":7,"column":17}},"3":{"start":{"line":8,"column":4},"end":{"line":11,"column":5}},"4":{"start":{"line":9,"column":6},"end":{"line":9,"column":30}},"5":{"start":{"line":10,"column":6},"end":{"line":10,"column":10}},"6":{"start":{"line":13,"column":2},"end":{"line":13,"column":29}},"7":{"start":{"line":17,"column":2},"end":{"line":28,"column":3}},"8":{"start":{"line":18,"column":4},"end":{"line":18,"column":13}},"9":{"start":{"line":20,"column":12},"end":{"line":20,"column":13}},"10":{"start":{"line":21,"column":4},"end":{"line":26,"column":5}},"11":{"start":{"line":21,"column":17},"end":{"line":21,"column":18}},"12":{"start":{"line":22,"column":6},"end":{"line":25,"column":7}},"13":{"start":{"line":23,"column":8},"end":{"line":23,"column":12}},"14":{"start":{"line":24,"column":8},"end":{"line":24,"column":26}},"15":{"start":{"line":27,"column":4},"end":{"line":27,"column":17}},"16":{"start":{"line":41,"column":2},"end":{"line":41,"column":22}},"17":{"start":{"line":42,"column":2},"end":{"line":42,"column":18}},"18":{"start":{"line":43,"column":2},"end":{"line":43,"column":32}},"19":{"start":{"line":44,"column":2},"end":{"line":44,"column":32}},"20":{"start":{"line":45,"column":2},"end":{"line":45,"column":65}},"21":{"start":{"line":47,"column":2},"end":{"line":47,"column":20}},"22":{"start":{"line":51,"column":2},"end":{"line":55,"column":3}},"23":{"start":{"line":51,"column":15},"end":{"line":51,"column":16}},"24":{"start":{"line":52,"column":19},"end":{"line":52,"column":34}},"25":{"start":{"line":53,"column":4},"end":{"line":53,"column":33}},"26":{"start":{"line":54,"column":4},"end":{"line":54,"column":15}},"27":{"start":{"line":56,"column":2},"end":{"line":56,"column":14}},"28":{"start":{"line":60,"column":2},"end":{"line":60,"column":48}},"29":{"start":{"line":74,"column":2},"end":{"line":74,"column":38}},"30":{"start":{"line":74,"column":24},"end":{"line":74,"column":38}},"31":{"start":{"line":77,"column":21},"end":{"line":77,"column":23}},"32":{"start":{"line":80,"column":2},"end":{"line":82,"column":3}},"33":{"start":{"line":81,"column":4},"end":{"line":81,"column":53}},"34":{"start":{"line":85,"column":2},"end":{"line":89,"column":3}},"35":{"start":{"line":86,"column":4},"end":{"line":88,"column":5}},"36":{"start":{"line":87,"column":6},"end":{"line":87,"column":17}},"37":{"start":{"line":101,"column":2},"end":{"line":101,"column":38}},"38":{"start":{"line":101,"column":25},"end":{"line":101,"column":38}},"39":{"start":{"line":102,"column":17},"end":{"line":102,"column":19}},"40":{"start":{"line":103,"column":2},"end":{"line":105,"column":3}},"41":{"start":{"line":104,"column":4},"end":{"line":104,"column":45}},"42":{"start":{"line":106,"column":2},"end":{"line":108,"column":3}},"43":{"start":{"line":107,"column":4},"end":{"line":107,"column":39}},"44":{"start":{"line":107,"column":27},"end":{"line":107,"column":39}},"45":{"start":{"line":109,"column":2},"end":{"line":109,"column":15}},"46":{"start":{"line":120,"column":2},"end":{"line":120,"column":38}},"47":{"start":{"line":120,"column":24},"end":{"line":120,"column":38}},"48":{"start":{"line":123,"column":12},"end":{"line":123,"column":13}},"49":{"start":{"line":125,"column":2},"end":{"line":127,"column":3}},"50":{"start":{"line":126,"column":4},"end":{"line":126,"column":15}},"51":{"start":{"line":129,"column":2},"end":{"line":129,"column":13}},"52":{"start":{"line":133,"column":2},"end":{"line":133,"column":40}},"53":{"start":{"line":133,"column":30},"end":{"line":133,"column":35}},"54":{"start":{"line":137,"column":12},"end":{"line":137,"column":13}},"55":{"start":{"line":138,"column":2},"end":{"line":138,"column":33}},"56":{"start":{"line":138,"column":21},"end":{"line":138,"column":31}},"57":{"start":{"line":139,"column":2},"end":{"line":139,"column":13}},"58":{"start":{"line":159,"column":0},"end":{"line":159,"column":32}}},"fnMap":{"0":{"name":"removeDuplicates","decl":{"start":{"line":5,"column":9},"end":{"line":5,"column":25}},"loc":{"start":{"line":5,"column":32},"end":{"line":14,"column":1}},"line":5},"1":{"name":"removeDuplicatesLeet","decl":{"start":{"line":16,"column":9},"end":{"line":16,"column":29}},"loc":{"start":{"line":16,"column":36},"end":{"line":29,"column":1}},"line":16},"2":{"name":"rotateArray","decl":{"start":{"line":39,"column":9},"end":{"line":39,"column":20}},"loc":{"start":{"line":39,"column":30},"end":{"line":48,"column":1}},"line":39},"3":{"name":"rotateArrayRefactor","decl":{"start":{"line":50,"column":9},"end":{"line":50,"column":28}},"loc":{"start":{"line":50,"column":38},"end":{"line":57,"column":1}},"line":50},"4":{"name":"rotateArrayLeet","decl":{"start":{"line":59,"column":9},"end":{"line":59,"column":24}},"loc":{"start":{"line":59,"column":34},"end":{"line":61,"column":1}},"line":59},"5":{"name":"singleNumber","decl":{"start":{"line":71,"column":9},"end":{"line":71,"column":21}},"loc":{"start":{"line":71,"column":27},"end":{"line":90,"column":1}},"line":71},"6":{"name":"containsDuplicate","decl":{"start":{"line":100,"column":9},"end":{"line":100,"column":26}},"loc":{"start":{"line":100,"column":33},"end":{"line":110,"column":1}},"line":100},"7":{"name":"arraySum","decl":{"start":{"line":117,"column":9},"end":{"line":117,"column":17}},"loc":{"start":{"line":117,"column":23},"end":{"line":130,"column":1}},"line":117},"8":{"name":"arraySumReduce","decl":{"start":{"line":132,"column":9},"end":{"line":132,"column":23}},"loc":{"start":{"line":132,"column":29},"end":{"line":134,"column":1}},"line":132},"9":{"name":"(anonymous_9)","decl":{"start":{"line":133,"column":20},"end":{"line":133,"column":21}},"loc":{"start":{"line":133,"column":30},"end":{"line":133,"column":35}},"line":133},"10":{"name":"arraySumForEach","decl":{"start":{"line":136,"column":9},"end":{"line":136,"column":24}},"loc":{"start":{"line":136,"column":30},"end":{"line":140,"column":1}},"line":136},"11":{"name":"(anonymous_11)","decl":{"start":{"line":138,"column":14},"end":{"line":138,"column":15}},"loc":{"start":{"line":138,"column":21},"end":{"line":138,"column":31}},"line":138}},"branchMap":{"0":{"loc":{"start":{"line":8,"column":4},"end":{"line":11,"column":5}},"type":"if","locations":[{"start":{"line":8,"column":4},"end":{"line":11,"column":5}},{"start":{"line":8,"column":4},"end":{"line":11,"column":5}}],"line":8},"1":{"loc":{"start":{"line":17,"column":2},"end":{"line":28,"column":3}},"type":"if","locations":[{"start":{"line":17,"column":2},"end":{"line":28,"column":3}},{"start":{"line":17,"column":2},"end":{"line":28,"column":3}}],"line":17},"2":{"loc":{"start":{"line":22,"column":6},"end":{"line":25,"column":7}},"type":"if","locations":[{"start":{"line":22,"column":6},"end":{"line":25,"column":7}},{"start":{"line":22,"column":6},"end":{"line":25,"column":7}}],"line":22},"3":{"loc":{"start":{"line":74,"column":2},"end":{"line":74,"column":38}},"type":"if","locations":[{"start":{"line":74,"column":2},"end":{"line":74,"column":38}},{"start":{"line":74,"column":2},"end":{"line":74,"column":38}}],"line":74},"4":{"loc":{"start":{"line":81,"column":25},"end":{"line":81,"column":47}},"type":"binary-expr","locations":[{"start":{"line":81,"column":25},"end":{"line":81,"column":42}},{"start":{"line":81,"column":46},"end":{"line":81,"column":47}}],"line":81},"5":{"loc":{"start":{"line":86,"column":4},"end":{"line":88,"column":5}},"type":"if","locations":[{"start":{"line":86,"column":4},"end":{"line":88,"column":5}},{"start":{"line":86,"column":4},"end":{"line":88,"column":5}}],"line":86},"6":{"loc":{"start":{"line":101,"column":2},"end":{"line":101,"column":38}},"type":"if","locations":[{"start":{"line":101,"column":2},"end":{"line":101,"column":38}},{"start":{"line":101,"column":2},"end":{"line":101,"column":38}}],"line":101},"7":{"loc":{"start":{"line":104,"column":21},"end":{"line":104,"column":39}},"type":"binary-expr","locations":[{"start":{"line":104,"column":21},"end":{"line":104,"column":34}},{"start":{"line":104,"column":38},"end":{"line":104,"column":39}}],"line":104},"8":{"loc":{"start":{"line":107,"column":4},"end":{"line":107,"column":39}},"type":"if","locations":[{"start":{"line":107,"column":4},"end":{"line":107,"column":39}},{"start":{"line":107,"column":4},"end":{"line":107,"column":39}}],"line":107},"9":{"loc":{"start":{"line":120,"column":2},"end":{"line":120,"column":38}},"type":"if","locations":[{"start":{"line":120,"column":2},"end":{"line":120,"column":38}},{"start":{"line":120,"column":2},"end":{"line":120,"column":38}}],"line":120}},"s":{"0":0,"1":0,"2":0,"3":0,"4":0,"5":0,"6":0,"7":0,"8":0,"9":0,"10":0,"11":0,"12":0,"13":0,"14":0,"15":0,"16":0,"17":0,"18":0,"19":0,"20":0,"21":0,"22":0,"23":0,"24":0,"25":0,"26":0,"27":0,"28":0,"29":0,"30":0,"31":0,"32":0,"33":0,"34":0,"35":0,"36":0,"37":0,"38":0,"39":0,"40":0,"41":0,"42":0,"43":0,"44":0,"45":0,"46":0,"47":0,"48":0,"49":0,"50":0,"51":0,"52":0,"53":0,"54":1,"55":1,"56":3,"57":1,"58":1},"f":{"0":0,"1":0,"2":0,"3":0,"4":0,"5":0,"6":0,"7":0,"8":0,"9":0,"10":1,"11":3},"b":{"0":[0,0],"1":[0,0],"2":[0,0],"3":[0,0],"4":[0,0],"5":[0,0],"6":[0,0],"7":[0,0],"8":[0,0],"9":[0,0]},"_coverageSchema":"1a1c01bbd47fc00a2c39e90264f33305004495a9","hash":"7c5f39d693cf246f966fee79bfe6417269d9ce73"}
}
