TN:
SF:algorithms/arraysLeetCodeEasy.js
FN:5,removeDuplicates
FN:16,removeDuplicatesLeet
FN:39,rotateArray
FN:50,rotateArrayRefactor
FN:59,rotateArrayLeet
FN:71,singleNumber
FN:100,containsDuplicate
FN:117,arraySum
FN:132,arraySumReduce
FN:133,(anonymous_9)
FN:136,arraySumForEach
FN:138,(anonymous_11)
FNF:12
FNH:2
FNDA:0,removeDuplicates
FNDA:0,removeDuplicatesLeet
FNDA:0,rotateArray
FNDA:0,rotateArrayRefactor
FNDA:0,rotateArrayLeet
FNDA:0,singleNumber
FNDA:0,containsDuplicate
FNDA:0,arraySum
FNDA:0,arraySumReduce
FNDA:0,(anonymous_9)
FNDA:1,arraySumForEach
FNDA:3,(anonymous_11)
DA:6,0
DA:7,0
DA:8,0
DA:9,0
DA:10,0
DA:13,0
DA:17,0
DA:18,0
DA:20,0
DA:21,0
DA:22,0
DA:23,0
DA:24,0
DA:27,0
DA:41,0
DA:42,0
DA:43,0
DA:44,0
DA:45,0
DA:47,0
DA:51,0
DA:52,0
DA:53,0
DA:54,0
DA:56,0
DA:60,0
DA:74,0
DA:77,0
DA:80,0
DA:81,0
DA:85,0
DA:86,0
DA:87,0
DA:101,0
DA:102,0
DA:103,0
DA:104,0
DA:106,0
DA:107,0
DA:109,0
DA:120,0
DA:123,0
DA:125,0
DA:126,0
DA:129,0
DA:133,0
DA:137,1
DA:138,3
DA:139,1
DA:159,1
LF:50
LH:4
BRDA:8,0,0,0
BRDA:8,0,1,0
BRDA:17,1,0,0
BRDA:17,1,1,0
BRDA:22,2,0,0
BRDA:22,2,1,0
BRDA:74,3,0,0
BRDA:74,3,1,0
BRDA:81,4,0,0
BRDA:81,4,1,0
BRDA:86,5,0,0
BRDA:86,5,1,0
BRDA:101,6,0,0
BRDA:101,6,1,0
BRDA:104,7,0,0
BRDA:104,7,1,0
BRDA:107,8,0,0
BRDA:107,8,1,0
BRDA:120,9,0,0
BRDA:120,9,1,0
BRF:20
BRH:0
end_of_record
